2025-03-27 00:22:17 | Generated motto
2025-03-27 00:22:19 | Generated motto
2025-03-27 00:22:19 | Generated motto
2025-03-27 00:22:20 | Generated motto
2025-03-27 00:22:23 | Generated motto
2025-03-27 00:22:25 | Generated saying
2025-03-27 00:22:26 | Generated saying
2025-03-27 00:22:26 | Generated saying
2025-03-27 00:22:27 | Generated saying
2025-03-27 00:22:29 | Generated saying
2025-03-27 00:22:30 | Generated saying
2025-03-27 00:22:31 | Generated saying
2025-03-27 00:22:31 | Generated saying
2025-03-27 00:22:32 | Generated saying
2025-03-27 00:22:32 | Generated saying
2025-03-27 00:22:33 | Generated saying
2025-03-27 00:22:34 | Generated saying
2025-03-28 00:42:15 | Generated motto
2025-03-28 00:42:16 | Generated motto
2025-03-28 00:42:17 | Generated motto
2025-03-28 00:42:18 | Generated motto
2025-03-28 00:42:19 | Generated motto
2025-03-28 00:42:20 | Generated motto
2025-03-28 00:42:23 | Generated saying
2025-03-28 00:42:23 | Generated saying
2025-03-28 00:42:25 | Generated saying
2025-03-28 00:42:25 | Generated saying
2025-03-28 00:42:28 | Generated saying
2025-04-07 13:25:13 | Generated motto
2025-04-07 13:25:15 | Generated motto
2025-04-10 11:06:21 | Generated saying
2025-04-10 11:13:25 | Generated saying
2025-04-10 11:51:45 | Event added: Event time
2025-04-10 11:53:00 | Reminder triggered: Event time
2025-04-10 11:53:12 | Event added: Event time
2025-04-10 11:54:00 | Reminder triggered: Event time
2025-04-16 01:07:22 | Generated motto
2025-04-16 01:31:33 | Generated motto
2025-04-16 01:31:40 | Generated help
2025-04-16 01:31:42 | Generated schedule help
2025-04-16 01:33:34 | Launching minigame
2025-04-16 01:39:58 | Environment scan initialized
2025-04-16 02:09:09 | Environment scan initialized
2025-04-16 02:18:36 | Environment scan initialized
